app/build/intermediates/manifest_merge_blame_file/debug/manifest-merger-blame-debug-report.txt
1<?xml version="1.0" encoding="utf-8"?>
2<manifest xmlns:android="http://schemas.android.com/apk/res/android"
3    coreApp="true"
4    package="org.omnirom.omniswitch"
5    android:versionCode="2"
6    android:versionName="1.1" >
7
8    <uses-sdk
8-->src/main/AndroidManifest.xml:36:5-17
9        android:minSdkVersion="29"
9-->src/main/AndroidManifest.xml:36:5-17
10        android:targetSdkVersion="29" />
10-->src/main/AndroidManifest.xml:36:5-17
11    <!-- ActivityManager -->
12    <uses-permission android:name="android.permission.REAL_GET_TASKS" />
12-->src/main/AndroidManifest.xml:8:5-73
12-->src/main/AndroidManifest.xml:8:22-70
13    <uses-permission android:name="android.permission.GET_DETAILED_TASKS" />
13-->src/main/AndroidManifest.xml:9:5-77
13-->src/main/AndroidManifest.xml:9:22-74
14    <uses-permission android:name="android.permission.REORDER_TASKS" />
14-->src/main/AndroidManifest.xml:10:5-72
14-->src/main/AndroidManifest.xml:10:22-69
15    <uses-permission android:name="android.permission.REMOVE_TASKS" />
15-->src/main/AndroidManifest.xml:11:5-71
15-->src/main/AndroidManifest.xml:11:22-68
16    <uses-permission android:name="android.permission.START_ANY_ACTIVITY" />
16-->src/main/AndroidManifest.xml:12:5-77
16-->src/main/AndroidManifest.xml:12:22-74
17    <uses-permission android:name="android.permission.GET_TOP_ACTIVITY_INFO" />
17-->src/main/AndroidManifest.xml:13:5-80
17-->src/main/AndroidManifest.xml:13:22-77
18    <uses-permission android:name="android.permission.KILL_BACKGROUND_PROCESSES" />
18-->src/main/AndroidManifest.xml:14:5-84
18-->src/main/AndroidManifest.xml:14:22-81
19    <uses-permission android:name="android.permission.SYSTEM_ALERT_WINDOW" />
19-->src/main/AndroidManifest.xml:15:5-78
19-->src/main/AndroidManifest.xml:15:22-75
20    <uses-permission android:name="android.permission.STOP_APP_SWITCHES" />
20-->src/main/AndroidManifest.xml:16:5-76
20-->src/main/AndroidManifest.xml:16:22-73
21    <uses-permission android:name="android.permission.RECEIVE_BOOT_COMPLETED" />
21-->src/main/AndroidManifest.xml:17:5-81
21-->src/main/AndroidManifest.xml:17:22-78
22    <uses-permission android:name="android.permission.MANAGE_USERS" />
22-->src/main/AndroidManifest.xml:18:5-71
22-->src/main/AndroidManifest.xml:18:22-68
23    <uses-permission android:name="android.permission.INTERNAL_SYSTEM_WINDOW" />
23-->src/main/AndroidManifest.xml:19:5-81
23-->src/main/AndroidManifest.xml:19:22-78
24    <uses-permission android:name="android.permission.READ_FRAME_BUFFER" />
24-->src/main/AndroidManifest.xml:20:5-76
24-->src/main/AndroidManifest.xml:20:22-73
25    <uses-permission android:name="android.permission.INJECT_EVENTS" />
25-->src/main/AndroidManifest.xml:21:5-72
25-->src/main/AndroidManifest.xml:21:22-69
26    <uses-permission android:name="android.permission.WRITE_SETTINGS" />
26-->src/main/AndroidManifest.xml:22:5-73
26-->src/main/AndroidManifest.xml:22:22-70
27    <uses-permission android:name="android.permission.MANAGE_ACTIVITY_STACKS" />
27-->src/main/AndroidManifest.xml:23:5-81
27-->src/main/AndroidManifest.xml:23:22-78
28    <uses-permission android:name="android.permission.START_TASKS_FROM_RECENTS" />
28-->src/main/AndroidManifest.xml:24:5-83
28-->src/main/AndroidManifest.xml:24:22-80
29    <uses-permission android:name="android.permission.READ_PHONE_STATE" />
29-->src/main/AndroidManifest.xml:25:5-75
29-->src/main/AndroidManifest.xml:25:22-72
30    <uses-permission android:name="android.permission.ACCESS_VOICE_INTERACTION_SERVICE" />
30-->src/main/AndroidManifest.xml:26:5-91
30-->src/main/AndroidManifest.xml:26:22-88
31    <uses-permission android:name="android.permission.SET_WALLPAPER_HINTS" />
31-->src/main/AndroidManifest.xml:27:5-78
31-->src/main/AndroidManifest.xml:27:22-75
32    <uses-permission android:name="android.permission.FORCE_STOP_PACKAGES" />
32-->src/main/AndroidManifest.xml:28:5-78
32-->src/main/AndroidManifest.xml:28:22-75
33    <uses-permission android:name="android.permission.DEVICE_POWER" />
33-->src/main/AndroidManifest.xml:29:5-71
33-->src/main/AndroidManifest.xml:29:22-68
34    <uses-permission android:name="android.permission.CHANGE_OVERLAY_PACKAGES" />
34-->src/main/AndroidManifest.xml:30:5-82
34-->src/main/AndroidManifest.xml:30:22-79
35    <uses-permission android:name="android.permission.READ_CONTACTS" />
35-->src/main/AndroidManifest.xml:31:5-71
35-->src/main/AndroidManifest.xml:31:22-69
36    <uses-permission android:name="android.permission.READ_CALENDAR" />
36-->src/main/AndroidManifest.xml:32:5-71
36-->src/main/AndroidManifest.xml:32:22-69
37    <uses-permission android:name="android.permission.WRITE_CALENDAR" />
37-->src/main/AndroidManifest.xml:33:5-72
37-->src/main/AndroidManifest.xml:33:22-70
38    <uses-permission android:name="org.omnirom.omnijaws.READ_WEATHER" />
38-->src/main/AndroidManifest.xml:34:5-73
38-->src/main/AndroidManifest.xml:34:22-70
39
40    <application
40-->src/main/AndroidManifest.xml:37:5-120:19
41        android:name="org.omnirom.omniswitch.OmniSwitch"
41-->src/main/AndroidManifest.xml:38:9-35
42        android:allowBackup="true"
42-->src/main/AndroidManifest.xml:44:9-35
43        android:debuggable="true"
44        android:hardwareAccelerated="true"
44-->src/main/AndroidManifest.xml:43:9-43
45        android:icon="@mipmap/ic_launcher"
45-->src/main/AndroidManifest.xml:39:9-43
46        android:label="@string/app_name"
46-->src/main/AndroidManifest.xml:40:9-41
47        android:persistent="true"
47-->src/main/AndroidManifest.xml:41:9-34
48        android:theme="@style/AppTheme" >
48-->src/main/AndroidManifest.xml:42:9-40
49        <service
49-->src/main/AndroidManifest.xml:45:9-47:69
50            android:name="org.omnirom.omniswitch.SwitchService"
50-->src/main/AndroidManifest.xml:46:13-64
51            android:configChanges="orientation|screenSize|uiMode" />
51-->src/main/AndroidManifest.xml:47:13-66
52
53        <receiver android:name="org.omnirom.omniswitch.SwitchService$RecentsReceiver" >
53-->src/main/AndroidManifest.xml:48:9-56:20
53-->src/main/AndroidManifest.xml:48:19-86
54            <intent-filter>
54-->src/main/AndroidManifest.xml:49:13-55:29
55                <action android:name="org.omnirom.omniswitch.ACTION_TOGGLE_OVERLAY" />
55-->src/main/AndroidManifest.xml:50:17-87
55-->src/main/AndroidManifest.xml:50:25-84
56                <action android:name="org.omnirom.omniswitch.ACTION_TOGGLE_OVERLAY2" />
56-->src/main/AndroidManifest.xml:51:17-88
56-->src/main/AndroidManifest.xml:51:25-85
57                <action android:name="org.omnirom.omniswitch.ACTION_RESTORE_HOME_STACK" />
57-->src/main/AndroidManifest.xml:52:17-91
57-->src/main/AndroidManifest.xml:52:25-88
58                <action android:name="org.omnirom.omniswitch.ACTION_PRELOAD_TASKS" />
58-->src/main/AndroidManifest.xml:53:17-86
58-->src/main/AndroidManifest.xml:53:25-83
59                <action android:name="org.omnirom.omniswitch.ACTION_HIDE_OVERLAY" />
59-->src/main/AndroidManifest.xml:54:17-85
59-->src/main/AndroidManifest.xml:54:25-82
60            </intent-filter>
61        </receiver>
62
63        <activity
63-->src/main/AndroidManifest.xml:57:9-66:20
64            android:name="org.omnirom.omniswitch.SettingsActivity"
64-->src/main/AndroidManifest.xml:58:13-67
65            android:launchMode="singleInstance"
65-->src/main/AndroidManifest.xml:59:13-48
66            android:theme="@style/SettingsTheme" >
66-->src/main/AndroidManifest.xml:60:13-49
67            <intent-filter>
67-->src/main/AndroidManifest.xml:61:13-65:29
68                <action android:name="android.intent.action.MAIN" />
68-->src/main/AndroidManifest.xml:62:17-69
68-->src/main/AndroidManifest.xml:62:25-66
69
70                <category android:name="android.intent.category.DEFAULT" />
70-->src/main/AndroidManifest.xml:63:17-76
70-->src/main/AndroidManifest.xml:63:27-73
71                <category android:name="android.intent.category.LAUNCHER" />
71-->src/main/AndroidManifest.xml:64:17-77
71-->src/main/AndroidManifest.xml:64:27-74
72            </intent-filter>
73        </activity>
74        <activity android:name="org.omnirom.omniswitch.ToggleActivity" >
74-->src/main/AndroidManifest.xml:67:9-74:20
74-->src/main/AndroidManifest.xml:68:13-65
75            <intent-filter>
75-->src/main/AndroidManifest.xml:69:13-73:29
76                <action android:name="android.intent.action.MAIN" />
76-->src/main/AndroidManifest.xml:62:17-69
76-->src/main/AndroidManifest.xml:62:25-66
77                <action android:name="android.intent.action.CREATE_SHORTCUT" />
77-->src/main/AndroidManifest.xml:71:17-80
77-->src/main/AndroidManifest.xml:71:25-77
78
79                <category android:name="android.intent.category.DEFAULT" />
79-->src/main/AndroidManifest.xml:63:17-76
79-->src/main/AndroidManifest.xml:63:27-73
80            </intent-filter>
81        </activity>
82        <activity
82-->src/main/AndroidManifest.xml:75:9-84:20
83            android:name="org.omnirom.omniswitch.PlaceholderActivity"
83-->src/main/AndroidManifest.xml:76:13-70
84            android:excludeFromRecents="true"
84-->src/main/AndroidManifest.xml:78:13-46
85            android:launchMode="singleInstance"
85-->src/main/AndroidManifest.xml:77:13-48
86            android:theme="@style/PlaceholderTheme" >
86-->src/main/AndroidManifest.xml:79:13-52
87            <intent-filter>
87-->src/main/AndroidManifest.xml:80:13-83:29
88                <action android:name="android.intent.action.MAIN" />
88-->src/main/AndroidManifest.xml:62:17-69
88-->src/main/AndroidManifest.xml:62:25-66
89
90                <category android:name="android.intent.category.DEFAULT" />
90-->src/main/AndroidManifest.xml:63:17-76
90-->src/main/AndroidManifest.xml:63:27-73
91            </intent-filter>
92        </activity>
93
94        <receiver android:name="org.omnirom.omniswitch.BootReceiver" >
94-->src/main/AndroidManifest.xml:85:9-89:20
94-->src/main/AndroidManifest.xml:85:19-69
95            <intent-filter>
95-->src/main/AndroidManifest.xml:86:13-88:29
96                <action android:name="android.intent.action.BOOT_COMPLETED" />
96-->src/main/AndroidManifest.xml:87:17-79
96-->src/main/AndroidManifest.xml:87:25-76
97            </intent-filter>
98        </receiver>
99        <receiver android:name="org.omnirom.omniswitch.PackageReceiver" >
99-->src/main/AndroidManifest.xml:90:9-97:20
99-->src/main/AndroidManifest.xml:90:19-72
100            <intent-filter>
100-->src/main/AndroidManifest.xml:91:13-96:29
101                <action android:name="android.intent.action.PACKAGE_CHANGED" />
101-->src/main/AndroidManifest.xml:92:17-80
101-->src/main/AndroidManifest.xml:92:25-77
102                <action android:name="android.intent.action.PACKAGE_REMOVED" />
102-->src/main/AndroidManifest.xml:93:17-80
102-->src/main/AndroidManifest.xml:93:25-77
103                <action android:name="android.intent.action.PACKAGE_ADDED" />
103-->src/main/AndroidManifest.xml:94:17-78
103-->src/main/AndroidManifest.xml:94:25-75
104
105                <data android:scheme="package" />
105-->src/main/AndroidManifest.xml:95:17-50
105-->src/main/AndroidManifest.xml:95:23-47
106            </intent-filter>
107        </receiver>
108        <!-- to update labels -->
109        <receiver android:name="org.omnirom.omniswitch.LocaleChangeReceiver" >
109-->src/main/AndroidManifest.xml:99:9-103:20
109-->src/main/AndroidManifest.xml:99:19-77
110            <intent-filter>
110-->src/main/AndroidManifest.xml:100:13-102:29
111                <action android:name="android.intent.action.LOCALE_CHANGED" />
111-->src/main/AndroidManifest.xml:101:17-78
111-->src/main/AndroidManifest.xml:101:25-76
112            </intent-filter>
113        </receiver>
114
115        <activity
115-->src/main/AndroidManifest.xml:104:9-119:20
116            android:name="org.omnirom.omniswitch.launcher.Launcher"
116-->src/main/AndroidManifest.xml:105:13-68
117            android:clearTaskOnLaunch="true"
117-->src/main/AndroidManifest.xml:108:13-45
118            android:configChanges="orientation|screenSize"
118-->src/main/AndroidManifest.xml:113:13-59
119            android:enabled="false"
119-->src/main/AndroidManifest.xml:112:13-36
120            android:excludeFromRecents="true"
120-->src/main/AndroidManifest.xml:109:13-46
121            android:launchMode="singleTask"
121-->src/main/AndroidManifest.xml:106:13-44
122            android:stateNotNeeded="true"
122-->src/main/AndroidManifest.xml:107:13-42
123            android:taskAffinity=""
123-->src/main/AndroidManifest.xml:110:13-36
124            android:theme="@style/LauncherTheme" >
124-->src/main/AndroidManifest.xml:111:13-49
125            <intent-filter>
125-->src/main/AndroidManifest.xml:114:13-118:29
126                <action android:name="android.intent.action.MAIN" />
126-->src/main/AndroidManifest.xml:62:17-69
126-->src/main/AndroidManifest.xml:62:25-66
127
128                <category android:name="android.intent.category.HOME" />
128-->src/main/AndroidManifest.xml:116:17-73
128-->src/main/AndroidManifest.xml:116:27-70
129                <category android:name="android.intent.category.DEFAULT" />
129-->src/main/AndroidManifest.xml:63:17-76
129-->src/main/AndroidManifest.xml:63:27-73
130            </intent-filter>
131        </activity>
132    </application>
133
134</manifest>